Build started 2/12/2012 11:04:46 PM.
     1>Project "C:\Users\Flam\Documents\Visual Studio 2010\Projects\FtpServer\FtpServer\FtpServer.vcxproj" on node 2 (build target(s)).
     1>InitializeBuildStatus:
         Creating "Debug\FtpServer.unsuccessfulbuild" because "AlwaysCreate" was specified.
       ClCompile:
         d:\VS2010\VC\bin\CL.exe /c /ZI /nologo /W3 /WX- /Od /Oy- /D WIN32 /D _DEBUG /D _CONSOLE /D _UNICODE /D UNICODE /Gm /EHsc /RTC1 /MDd /GS /fp:precise /Zc:wchar_t /Zc:forScope /Fo"Debug\\" /Fd"Debug\vc100.pdb" /Gd /TP /analyze- /errorReport:prompt FtpServer.cpp
         FtpServer.cpp
     1>c:\users\flam\documents\visual studio 2010\projects\ftpserver\ftpserver\ftpserver.cpp(128): warning C4996: 'strcpy': This function or variable may be unsafe. Consider using strcpy_s instead. To disable deprecation, use _CRT_SECURE_NO_WARNINGS. See online help for details.
                 d:\vs2010\vc\include\string.h(105) : see declaration of 'strcpy'
     1>c:\users\flam\documents\visual studio 2010\projects\ftpserver\ftpserver\ftpserver.cpp(116): warning C4715: 'FtpServer::handleFrame' : not all control paths return a value
       ManifestResourceCompile:
         All outputs are up-to-date.
       Link:
         d:\VS2010\VC\bin\link.exe /ERRORREPORT:PROMPT /OUT:"C:\Users\Flam\Documents\Visual Studio 2010\Projects\FtpServer\Debug\FtpServer.exe" /INCREMENTAL /NOLOGO kernel32.lib user32.lib gdi32.lib winspool.lib comdlg32.lib advapi32.lib shell32.lib ole32.lib oleaut32.lib uuid.lib odbc32.lib odbccp32.lib /MANIFEST /ManifestFile:"Debug\FtpServer.exe.intermediate.manifest" /MANIFESTUAC:"level='asInvoker' uiAccess='false'" /DEBUG /PDB:"C:\Users\Flam\Documents\Visual Studio 2010\Projects\FtpServer\Debug\FtpServer.pdb" /SUBSYSTEM:CONSOLE /TLBID:1 /DYNAMICBASE /NXCOMPAT /IMPLIB:"C:\Users\Flam\Documents\Visual Studio 2010\Projects\FtpServer\Debug\FtpServer.lib" /MACHINE:X86 Debug\FtpServer.exe.embed.manifest.res
         Debug\Ftp.obj
         Debug\FtpServer.obj
         Debug\Main.obj
       Manifest:
         C:\Program Files (x86)\Microsoft SDKs\Windows\v7.0A\bin\mt.exe /nologo /verbose /out:"Debug\FtpServer.exe.embed.manifest" /manifest Debug\FtpServer.exe.intermediate.manifest
         All outputs are up-to-date.
       LinkEmbedManifest:
         All outputs are up-to-date.
         FtpServer.vcxproj -> C:\Users\Flam\Documents\Visual Studio 2010\Projects\FtpServer\Debug\FtpServer.exe
       FinalizeBuildStatus:
         Deleting file "Debug\FtpServer.unsuccessfulbuild".
         Touching "Debug\FtpServer.lastbuildstate".
     1>Done Building Project "C:\Users\Flam\Documents\Visual Studio 2010\Projects\FtpServer\FtpServer\FtpServer.vcxproj" (build target(s)).

Build succeeded.

Time Elapsed 00:00:02.30
